Flow report for AAC2M3P3
Mon Sep  7 02:38:24 2020
Quartus Prime Version 19.4.0 Build 64 12/04/2019 SC Pro Edition


---------------------
; Table of Contents ;
---------------------
  1. Parallel Compilation
  2. Legal Notice
  3. Flow Summary
  4. Flow Settings
  5. Flow Non-Default Global Settings
  6. Flow Elapsed Time
  7. Flow OS Summary
  8. Flow Log



+-------------------------------------+
; Parallel Compilation                ;
+----------------------------+--------+
; Processors                 ; Number ;
+----------------------------+--------+
; Number detected on machine ; 4      ;
; Maximum allowed            ; 4      ;
+----------------------------+--------+


----------------
; Legal Notice ;
----------------
Copyright (C) 2019  Intel Corporation. All rights reserved.
Your use of Intel Corporation's design tools, logic functions 
and other software and tools, and any partner logic 
functions, and any output files from any of the foregoing 
(including device programming or simulation files), and any 
associated documentation or information are expressly subject 
to the terms and conditions of the Intel Program License 
Subscription Agreement, the Intel Quartus Prime License Agreement,
the Intel FPGA IP License Agreement, or other applicable license
agreement, including, without limitation, that your use is for
the sole purpose of programming logic devices manufactured by
Intel and sold by Intel or its authorized distributors.  Please
refer to the applicable agreement for further details, at
https://fpgasoftware.intel.com/eula.



+-------------------------------------------------------------------------+
; Flow Summary                                                            ;
+-----------------------------+-------------------------------------------+
; Flow Status                 ; Successful - Mon Sep  7 02:38:23 2020     ;
; Quartus Prime Version       ; 19.4.0 Build 64 12/04/2019 SC Pro Edition ;
; Revision Name               ; AAC2M3P3                                  ;
; Top-level Entity Name       ; AAC2M3H1                                  ;
; Family                      ; Cyclone 10 GX                             ;
; Device                      ; 10CX220YF780I5G                           ;
; Timing Models               ; Final                                     ;
; Logic utilization (in ALMs) ; 3 / 80,330 ( < 1 % )                      ;
; Total registers             ; 0                                         ;
; Total pins                  ; 14 / 340 ( 4 % )                          ;
; Total virtual pins          ; 0                                         ;
; Total block memory bits     ; 0 / 12,021,760 ( 0 % )                    ;
; Total RAM Blocks            ; 0 / 587 ( 0 % )                           ;
; Total DSP Blocks            ; 0 / 192 ( 0 % )                           ;
; Total HSSI RX channels      ; 0 / 12 ( 0 % )                            ;
; Total HSSI TX channels      ; 0 / 12 ( 0 % )                            ;
; Total PLLs                  ; 0 / 30 ( 0 % )                            ;
+-----------------------------+-------------------------------------------+


+-----------------------------------------+
; Flow Settings                           ;
+-------------------+---------------------+
; Option            ; Setting             ;
+-------------------+---------------------+
; Start date & time ; 09/07/2020 02:36:47 ;
; Main task         ; Compilation         ;
; Revision Name     ; AAC2M3P3            ;
+-------------------+---------------------+


+------------------------------------------------------------------------------------------------------------------+
; Flow Non-Default Global Settings                                                                                 ;
+-------------------------------+---------------------------------------+---------------+-------------+------------+
; Assignment Name               ; Value                                 ; Default Value ; Entity Name ; Section Id ;
+-------------------------------+---------------------------------------+---------------+-------------+------------+
; COMPILER_SIGNATURE_ID         ; 79965022077439.159945700706044        ; --            ; --          ; --         ;
; MAX_CORE_JUNCTION_TEMP        ; 100                                   ; --            ; --          ; --         ;
; MIN_CORE_JUNCTION_TEMP        ; -40                                   ; --            ; --          ; --         ;
; POWER_BOARD_THERMAL_MODEL     ; None (CONSERVATIVE)                   ; --            ; --          ; --         ;
; POWER_PRESET_COOLING_SOLUTION ; 23 MM HEAT SINK WITH 200 LFPM AIRFLOW ; --            ; --          ; --         ;
; PROJECT_OUTPUT_DIRECTORY      ; output_files                          ; --            ; --          ; --         ;
; TOP_LEVEL_ENTITY              ; AAC2M3H1                              ; AAC2M3P3      ; --          ; --         ;
+-------------------------------+---------------------------------------+---------------+-------------+------------+


+------------------------------------------------------+
; Flow Elapsed Time                                    ;
+-----------------+--------------+---------------------+
; Module Name     ; Elapsed Time ; Peak Virtual Memory ;
+-----------------+--------------+---------------------+
; Synthesis       ; 00:00:03     ; 545 MB              ;
; Fitter          ; 00:00:58     ; 2977 MB             ;
; Timing Analyzer ; 00:00:07     ; 1933 MB             ;
; Assembler       ; 00:00:17     ; 1911 MB             ;
; Total           ; 00:01:25     ; --                  ;
+-----------------+--------------+---------------------+


+-------------------------------------------------------------------------------+
; Flow OS Summary                                                               ;
+-----------------+------------------+------------+------------+----------------+
; Module Name     ; Machine Hostname ; OS Name    ; OS Version ; Processor type ;
+-----------------+------------------+------------+------------+----------------+
; Synthesis       ; DESKTOP-KIQ8G9E  ; Windows 10 ; 10.0       ; x86_64         ;
; Fitter          ; DESKTOP-KIQ8G9E  ; Windows 10 ; 10.0       ; x86_64         ;
; Timing Analyzer ; DESKTOP-KIQ8G9E  ; Windows 10 ; 10.0       ; x86_64         ;
; Assembler       ; DESKTOP-KIQ8G9E  ; Windows 10 ; 10.0       ; x86_64         ;
+-----------------+------------------+------------+------------+----------------+


------------
; Flow Log ;
------------
quartus_syn --read_settings_files=on --write_settings_files=off AAC2M3P3 -c AAC2M3P3
quartus_fit --read_settings_files=on --write_settings_files=off AAC2M3P3 -c AAC2M3P3
quartus_sta AAC2M3P3 -c AAC2M3P3 --mode=finalize
quartus_asm --read_settings_files=on --write_settings_files=off AAC2M3P3 -c AAC2M3P3



